{"meta": {"format": 3, "version": "7.7.0", "timestamp": "2025-03-20T01:50:28.001488", "branch_coverage": true, "show_contexts": false}, "files": {"tests/test_api.py": {"executed_lines": [1, 2, 6, 9, 36, 49, 61, 76, 95, 110], "summary": {"covered_lines": 10, "num_statements": 43, "percent_covered": 23.25581395348837, "percent_covered_display": "23", "missing_lines": 33, "excluded_lines": 0, "num_branches": 0, "num_partial_branches": 0, "covered_branches": 0, "missing_branches": 0}, "missing_lines": [13, 26, 28, 30, 31, 32, 33, 41, 45, 46, 53, 57, 58, 66, 69, 71, 72, 73, 80, 87, 89, 90, 91, 92, 100, 106, 107, 114, 117, 119, 120, 121, 122], "excluded_lines": [], "executed_branches": [], "missing_branches": [], "functions": {"test_api_request_creation_valid": {"executed_lines": [], "summary": {"covered_lines": 0, "num_statements": 7, "percent_covered": 0.0, "percent_covered_display": "0", "missing_lines": 7, "excluded_lines": 0, "num_branches": 0, "num_partial_branches": 0, "covered_branches": 0, "missing_branches": 0}, "missing_lines": [13, 26, 28, 30, 31, 32, 33], "excluded_lines": [], "executed_branches": [], "missing_branches": []}, "test_api_request_missing_method": {"executed_lines": [], "summary": {"covered_lines": 0, "num_statements": 3, "percent_covered": 0.0, "percent_covered_display": "0", "missing_lines": 3, "excluded_lines": 0, "num_branches": 0, "num_partial_branches": 0, "covered_branches": 0, "missing_branches": 0}, "missing_lines": [41, 45, 46], "excluded_lines": [], "executed_branches": [], "missing_branches": []}, "test_api_request_invalid_endpoint": {"executed_lines": [], "summary": {"covered_lines": 0, "num_statements": 3, "percent_covered": 0.0, "percent_covered_display": "0", "missing_lines": 3, "excluded_lines": 0, "num_branches": 0, "num_partial_branches": 0, "covered_branches": 0, "missing_branches": 0}, "missing_lines": [53, 57, 58], "excluded_lines": [], "executed_branches": [], "missing_branches": []}, "test_api_request_defaults": {"executed_lines": [], "summary": {"covered_lines": 0, "num_statements": 5, "percent_covered": 0.0, "percent_covered_display": "0", "missing_lines": 5, "excluded_lines": 0, "num_branches": 0, "num_partial_branches": 0, "covered_branches": 0, "missing_branches": 0}, "missing_lines": [66, 69, 71, 72, 73], "excluded_lines": [], "executed_branches": [], "missing_branches": []}, "test_api_response_creation_valid": {"executed_lines": [], "summary": {"covered_lines": 0, "num_statements": 6, "percent_covered": 0.0, "percent_covered_display": "0", "missing_lines": 6, "excluded_lines": 0, "num_branches": 0, "num_partial_branches": 0, "covered_branches": 0, "missing_branches": 0}, "missing_lines": [80, 87, 89, 90, 91, 92], "excluded_lines": [], "executed_branches": [], "missing_branches": []}, "test_api_response_missing_status_code": {"executed_lines": [], "summary": {"covered_lines": 0, "num_statements": 3, "percent_covered": 0.0, "percent_covered_display": "0", "missing_lines": 3, "excluded_lines": 0, "num_branches": 0, "num_partial_branches": 0, "covered_branches": 0, "missing_branches": 0}, "missing_lines": [100, 106, 107], "excluded_lines": [], "executed_branches": [], "missing_branches": []}, "test_api_response_default_fields": {"executed_lines": [], "summary": {"covered_lines": 0, "num_statements": 6, "percent_covered": 0.0, "percent_covered_display": "0", "missing_lines": 6, "excluded_lines": 0, "num_branches": 0, "num_partial_branches": 0, "covered_branches": 0, "missing_branches": 0}, "missing_lines": [114, 117, 119, 120, 121, 122], "excluded_lines": [], "executed_branches": [], "missing_branches": []}, "": {"executed_lines": [1, 2, 6, 9, 36, 49, 61, 76, 95, 110], "summary": {"covered_lines": 10, "num_statements": 10, "percent_covered": 100.0, "percent_covered_display": "100", "missing_lines": 0, "excluded_lines": 0, "num_branches": 0, "num_partial_branches": 0, "covered_branches": 0, "missing_branches": 0}, "missing_lines": [], "excluded_lines": [], "executed_branches": [], "missing_branches": []}}, "classes": {"": {"executed_lines": [1, 2, 6, 9, 36, 49, 61, 76, 95, 110], "summary": {"covered_lines": 10, "num_statements": 43, "percent_covered": 23.25581395348837, "percent_covered_display": "23", "missing_lines": 33, "excluded_lines": 0, "num_branches": 0, "num_partial_branches": 0, "covered_branches": 0, "missing_branches": 0}, "missing_lines": [13, 26, 28, 30, 31, 32, 33, 41, 45, 46, 53, 57, 58, 66, 69, 71, 72, 73, 80, 87, 89, 90, 91, 92, 100, 106, 107, 114, 117, 119, 120, 121, 122], "excluded_lines": [], "executed_branches": [], "missing_branches": []}}}, "tests/test_cdk.py": {"executed_lines": [1, 3], "summary": {"covered_lines": 2, "num_statements": 5, "percent_covered": 40.0, "percent_covered_display": "40", "missing_lines": 3, "excluded_lines": 0, "num_branches": 0, "num_partial_branches": 0, "covered_branches": 0, "missing_branches": 0}, "missing_lines": [6, 7, 8], "excluded_lines": [], "executed_branches": [], "missing_branches": [], "functions": {"test_cdk": {"executed_lines": [], "summary": {"covered_lines": 0, "num_statements": 1, "percent_covered": 0.0, "percent_covered_display": "0", "missing_lines": 1, "excluded_lines": 0, "num_branches": 0, "num_partial_branches": 0, "covered_branches": 0, "missing_branches": 0}, "missing_lines": [8], "excluded_lines": [], "executed_branches": [], "missing_branches": []}, "": {"executed_lines": [1, 3], "summary": {"covered_lines": 2, "num_statements": 4, "percent_covered": 50.0, "percent_covered_display": "50", "missing_lines": 2, "excluded_lines": 0, "num_branches": 0, "num_partial_branches": 0, "covered_branches": 0, "missing_branches": 0}, "missing_lines": [6, 7], "excluded_lines": [], "executed_branches": [], "missing_branches": []}}, "classes": {"": {"executed_lines": [1, 3], "summary": {"covered_lines": 2, "num_statements": 5, "percent_covered": 40.0, "percent_covered_display": "40", "missing_lines": 3, "excluded_lines": 0, "num_branches": 0, "num_partial_branches": 0, "covered_branches": 0, "missing_branches": 0}, "missing_lines": [6, 7, 8], "excluded_lines": [], "executed_branches": [], "missing_branches": []}}}, "tests/test_pseudofs.py": {"executed_lines": [1, 3, 5, 6, 8, 9, 13, 14, 18], "summary": {"covered_lines": 9, "num_statements": 14, "percent_covered": 61.111111111111114, "percent_covered_display": "61", "missing_lines": 5, "excluded_lines": 0, "num_branches": 4, "num_partial_branches": 2, "covered_branches": 2, "missing_branches": 2}, "missing_lines": [10, 15, 19, 20, 21], "excluded_lines": [], "executed_branches": [[9, 13], [18, -1]], "missing_branches": [[9, 10], [18, 19]], "functions": {"test_get_all_cpu_info": {"executed_lines": [], "summary": {"covered_lines": 0, "num_statements": 2, "percent_covered": 0.0, "percent_covered_display": "0", "missing_lines": 2, "excluded_lines": 0, "num_branches": 0, "num_partial_branches": 0, "covered_branches": 0, "missing_branches": 0}, "missing_lines": [20, 21], "excluded_lines": [], "executed_branches": [], "missing_branches": []}, "": {"executed_lines": [1, 3, 5, 6, 8, 9, 13, 14, 18], "summary": {"covered_lines": 9, "num_statements": 11, "percent_covered": 73.33333333333333, "percent_covered_display": "73", "missing_lines": 2, "excluded_lines": 0, "num_branches": 4, "num_partial_branches": 2, "covered_branches": 2, "missing_branches": 2}, "missing_lines": [10, 19], "excluded_lines": [], "executed_branches": [[9, 13], [18, -1]], "missing_branches": [[9, 10], [18, 19]]}}, "classes": {"": {"executed_lines": [1, 3, 5, 6, 8, 9, 13, 14, 18], "summary": {"covered_lines": 9, "num_statements": 14, "percent_covered": 61.111111111111114, "percent_covered_display": "61", "missing_lines": 5, "excluded_lines": 0, "num_branches": 4, "num_partial_branches": 2, "covered_branches": 2, "missing_branches": 2}, "missing_lines": [10, 15, 19, 20, 21], "excluded_lines": [], "executed_branches": [[9, 13], [18, -1]], "missing_branches": [[9, 10], [18, 19]]}}}, "tests/test_sum_benchmark.py": {"executed_lines": [1, 3, 4, 12, 15], "summary": {"covered_lines": 5, "num_statements": 17, "percent_covered": 29.41176470588235, "percent_covered_display": "29", "missing_lines": 12, "excluded_lines": 0, "num_branches": 0, "num_partial_branches": 0, "covered_branches": 0, "missing_branches": 0}, "missing_lines": [16, 17, 18, 20, 26, 27, 28, 31, 33, 39, 40, 41], "excluded_lines": [], "executed_branches": [], "missing_branches": [], "functions": {"test_seq_benchmark": {"executed_lines": [], "summary": {"covered_lines": 0, "num_statements": 12, "percent_covered": 0.0, "percent_covered_display": "0", "missing_lines": 12, "excluded_lines": 0, "num_branches": 0, "num_partial_branches": 0, "covered_branches": 0, "missing_branches": 0}, "missing_lines": [16, 17, 18, 20, 26, 27, 28, 31, 33, 39, 40, 41], "excluded_lines": [], "executed_branches": [], "missing_branches": []}, "": {"executed_lines": [1, 3, 4, 12, 15], "summary": {"covered_lines": 5, "num_statements": 5, "percent_covered": 100.0, "percent_covered_display": "100", "missing_lines": 0, "excluded_lines": 0, "num_branches": 0, "num_partial_branches": 0, "covered_branches": 0, "missing_branches": 0}, "missing_lines": [], "excluded_lines": [], "executed_branches": [], "missing_branches": []}}, "classes": {"": {"executed_lines": [1, 3, 4, 12, 15], "summary": {"covered_lines": 5, "num_statements": 17, "percent_covered": 29.41176470588235, "percent_covered_display": "29", "missing_lines": 12, "excluded_lines": 0, "num_branches": 0, "num_partial_branches": 0, "covered_branches": 0, "missing_branches": 0}, "missing_lines": [16, 17, 18, 20, 26, 27, 28, 31, 33, 39, 40, 41], "excluded_lines": [], "executed_branches": [], "missing_branches": []}}}, "tests/utils.py": {"executed_lines": [1, 2, 5, 6, 7, 9, 16, 36], "summary": {"covered_lines": 8, "num_statements": 26, "percent_covered": 22.22222222222222, "percent_covered_display": "22", "missing_lines": 18, "excluded_lines": 0, "num_branches": 10, "num_partial_branches": 0, "covered_branches": 0, "missing_branches": 10}, "missing_lines": [12, 13, 21, 22, 24, 25, 26, 27, 28, 29, 31, 33, 41, 44, 45, 46, 47, 48], "excluded_lines": [], "executed_branches": [], "missing_branches": [[24, 25], [24, 26], [26, 27], [26, 28], [28, 29], [28, 31], [44, 45], [44, 46], [46, 47], [46, 48]], "functions": {"Expectation.__init__": {"executed_lines": [], "summary": {"covered_lines": 0, "num_statements": 2, "percent_covered": 0.0, "percent_covered_display": "0", "missing_lines": 2, "excluded_lines": 0, "num_branches": 0, "num_partial_branches": 0, "covered_branches": 0, "missing_branches": 0}, "missing_lines": [12, 13], "excluded_lines": [], "executed_branches": [], "missing_branches": []}, "sync_test_coro": {"executed_lines": [], "summary": {"covered_lines": 0, "num_statements": 10, "percent_covered": 0.0, "percent_covered_display": "0", "missing_lines": 10, "excluded_lines": 0, "num_branches": 6, "num_partial_branches": 0, "covered_branches": 0, "missing_branches": 6}, "missing_lines": [21, 22, 24, 25, 26, 27, 28, 29, 31, 33], "excluded_lines": [], "executed_branches": [], "missing_branches": [[24, 25], [24, 26], [26, 27], [26, 28], [28, 29], [28, 31]]}, "get_benchmark_data": {"executed_lines": [], "summary": {"covered_lines": 0, "num_statements": 6, "percent_covered": 0.0, "percent_covered_display": "0", "missing_lines": 6, "excluded_lines": 0, "num_branches": 4, "num_partial_branches": 0, "covered_branches": 0, "missing_branches": 4}, "missing_lines": [41, 44, 45, 46, 47, 48], "excluded_lines": [], "executed_branches": [], "missing_branches": [[44, 45], [44, 46], [46, 47], [46, 48]]}, "": {"executed_lines": [1, 2, 5, 6, 7, 9, 16, 36], "summary": {"covered_lines": 8, "num_statements": 8, "percent_covered": 100.0, "percent_covered_display": "100", "missing_lines": 0, "excluded_lines": 0, "num_branches": 0, "num_partial_branches": 0, "covered_branches": 0, "missing_branches": 0}, "missing_lines": [], "excluded_lines": [], "executed_branches": [], "missing_branches": []}}, "classes": {"Expectation": {"executed_lines": [], "summary": {"covered_lines": 0, "num_statements": 2, "percent_covered": 0.0, "percent_covered_display": "0", "missing_lines": 2, "excluded_lines": 0, "num_branches": 0, "num_partial_branches": 0, "covered_branches": 0, "missing_branches": 0}, "missing_lines": [12, 13], "excluded_lines": [], "executed_branches": [], "missing_branches": []}, "": {"executed_lines": [1, 2, 5, 6, 7, 9, 16, 36], "summary": {"covered_lines": 8, "num_statements": 24, "percent_covered": 23.529411764705884, "percent_covered_display": "24", "missing_lines": 16, "excluded_lines": 0, "num_branches": 10, "num_partial_branches": 0, "covered_branches": 0, "missing_branches": 10}, "missing_lines": [21, 22, 24, 25, 26, 27, 28, 29, 31, 33, 41, 44, 45, 46, 47, 48], "excluded_lines": [], "executed_branches": [], "missing_branches": [[24, 25], [24, 26], [26, 27], [26, 28], [28, 29], [28, 31], [44, 45], [44, 46], [46, 47], [46, 48]]}}}}, "totals": {"covered_lines": 34, "num_statements": 105, "percent_covered": 30.252100840336134, "percent_covered_display": "30", "missing_lines": 71, "excluded_lines": 0, "num_branches": 14, "num_partial_branches": 2, "covered_branches": 2, "missing_branches": 12}}